<?xml version="1.0" encoding="UTF-8" ?>

<testsuite failures="0" time="0.001" errors="0" skipped="0" tests="4" name="BasicTest">
  <testcase classname="BasicTest" name="aVeryImportantThingToTest" time="0">
      </testcase>
  <testcase classname="BasicTest" name="ReadJsonFileTest" time="0">
      </testcase>
  <testcase classname="BasicTest" name="ConvertStringToDateTest" time="0.001">
      </testcase>
  <testcase classname="BasicTest" name="ConvertListToStringTest" time="0">
      </testcase>
</testsuite>
